5
75
68
47
6
96
100
58 99
57 99
3 34
42 99
60 89
84 99
0 20
34 99
23 99
28 99
60 20
11 99
21 99
31 99
0 14
67 99
92 99
18 99
59 99
61 99
0 99
25 99
45 99
62 99
0 3
0 92
66 99
80 99
54 99
0 44
38 99
79 99
0 22
72 99
46 99
70 99
53 99
93 99
37 99
63 99
71 99
23 85
35 99
94 99
85 99
5 99
82 99
95 99
36 99
17 99
97 99
83 99
22 99
57 64
53 64
66 64
0 64
16 67
31 64
71 64
43 64
87 64
62 64
30 64
42 64
40 64
19 64
50 64
29 64
52 64
3 64
36 64
38 64
23 64
26 64
56 64
76 64
90 64
83 64
32 64
81 64
80 64
11 64
88 64
69 64
22 64
28 64
20 64
91 64
85 64
51 64
5 64
69 82
32 82
46 64
86 64
82 64
15 64
12 64
0 2
